<?xml version="1.0" encoding="UTF-8"?>
<coverage generated="1683792545474" clover="3.2.0">
  <project timestamp="1683792545475" name="All files">
    <metrics statements="37" coveredstatements="20" conditionals="4" coveredconditionals="1" methods="9" coveredmethods="4" elements="50" coveredelements="25" complexity="0" loc="37" ncloc="37" packages="1" files="2" classes="2"/>
    <file name="complete.js" path="C:\Users\moham\OneDrive\Desktop\MO\MV\Projects\M2\To-Do-List-Project\src\modules\complete.js">
      <metrics statements="1" coveredstatements="1" conditionals="0" coveredconditionals="0" methods="1" coveredmethods="0"/>
      <line num="1" count="1" type="stmt"/>
    </file>
    <file name="util.js" path="C:\Users\moham\OneDrive\Desktop\MO\MV\Projects\M2\To-Do-List-Project\src\modules\util.js">
      <metrics statements="36" coveredstatements="19" conditionals="4" coveredconditionals="1" methods="8" coveredmethods="4"/>
      <line num="4" count="1" type="stmt"/>
      <line num="5" count="5" type="stmt"/>
      <line num="7" count="1" type="stmt"/>
      <line num="8" count="3" type="stmt"/>
      <line num="9" count="9" type="stmt"/>
      <line num="10" count="3" type="stmt"/>
      <line num="11" count="3" type="stmt"/>
      <line num="12" count="3" type="stmt"/>
      <line num="15" count="1" type="stmt"/>
      <line num="16" count="0" type="stmt"/>
      <line num="17" count="0" type="stmt"/>
      <line num="18" count="0" type="stmt"/>
      <line num="19" count="0" type="stmt"/>
      <line num="20" count="0" type="stmt"/>
      <line num="23" count="1" type="stmt"/>
      <line num="24" count="0" type="stmt"/>
      <line num="25" count="0" type="stmt"/>
      <line num="26" count="0" type="stmt"/>
      <line num="27" count="0" type="stmt"/>
      <line num="30" count="1" type="stmt"/>
      <line num="31" count="0" type="stmt"/>
      <line num="32" count="0" type="stmt"/>
      <line num="33" count="0" type="stmt"/>
      <line num="34" count="0" type="stmt"/>
      <line num="35" count="0" type="cond" truecount="0" falsecount="2"/>
      <line num="36" count="0" type="stmt"/>
      <line num="39" count="0" type="stmt"/>
      <line num="40" count="0" type="stmt"/>
      <line num="43" count="1" type="stmt"/>
      <line num="44" count="2" type="stmt"/>
      <line num="45" count="2" type="stmt"/>
      <line num="46" count="2" type="cond" truecount="1" falsecount="1"/>
      <line num="47" count="2" type="stmt"/>
      <line num="52" count="2" type="stmt"/>
      <line num="55" count="1" type="stmt"/>
      <line num="56" count="1" type="stmt"/>
    </file>
  </project>
</coverage>
