{"C:\\Users\\moham\\OneDrive\\Desktop\\MO\\MV\\Projects\\M2\\To-Do-List-Project\\src\\modules\\complete.js": {"path":"C:\\Users\\moham\\OneDrive\\Desktop\\MO\\MV\\Projects\\M2\\To-Do-List-Project\\src\\modules\\complete.js","statementMap":{"0":{"start":{"line":1,"column":25},"end":{"line":1,"column":41}},"1":{"start":{"line":1,"column":36},"end":{"line":1,"column":41}}},"fnMap":{"0":{"name":"(anonymous_0)","decl":{"start":{"line":1,"column":25},"end":{"line":1,"column":26}},"loc":{"start":{"line":1,"column":36},"end":{"line":1,"column":41}},"line":1}},"branchMap":{},"s":{"0":1,"1":0},"f":{"0":0},"b":{},"_coverageSchema":"1a1c01bbd47fc00a2c39e90264f33305004495a9","hash":"c56603c1b64eaff2c1fb4a40884d019c03c03698"}
,"C:\\Users\\moham\\OneDrive\\Desktop\\MO\\MV\\Projects\\M2\\To-Do-List-Project\\src\\modules\\util.js": {"path":"C:\\Users\\moham\\OneDrive\\Desktop\\MO\\MV\\Projects\\M2\\To-Do-List-Project\\src\\modules\\util.js","statementMap":{"0":{"start":{"line":4,"column":15},"end":{"line":4,"column":17}},"1":{"start":{"line":5,"column":22},"end":{"line":5,"column":88}},"2":{"start":{"line":5,"column":28},"end":{"line":5,"column":88}},"3":{"start":{"line":7,"column":15},"end":{"line":13,"column":1}},"4":{"start":{"line":8,"column":2},"end":{"line":8,"column":30}},"5":{"start":{"line":9,"column":2},"end":{"line":9,"column":57}},"6":{"start":{"line":9,"column":39},"end":{"line":9,"column":55}},"7":{"start":{"line":10,"column":19},"end":{"line":10,"column":53}},"8":{"start":{"line":11,"column":2},"end":{"line":11,"column":23}},"9":{"start":{"line":12,"column":2},"end":{"line":12,"column":18}},"10":{"start":{"line":15,"column":16},"end":{"line":21,"column":1}},"11":{"start":{"line":16,"column":2},"end":{"line":16,"column":30}},"12":{"start":{"line":17,"column":20},"end":{"line":17,"column":60}},"13":{"start":{"line":18,"column":2},"end":{"line":18,"column":47}},"14":{"start":{"line":19,"column":2},"end":{"line":19,"column":23}},"15":{"start":{"line":20,"column":2},"end":{"line":20,"column":18}},"16":{"start":{"line":23,"column":17},"end":{"line":28,"column":1}},"17":{"start":{"line":24,"column":2},"end":{"line":24,"column":30}},"18":{"start":{"line":25,"column":20},"end":{"line":25,"column":60}},"19":{"start":{"line":26,"column":2},"end":{"line":26,"column":65}},"20":{"start":{"line":27,"column":2},"end":{"line":27,"column":18}},"21":{"start":{"line":30,"column":14},"end":{"line":41,"column":1}},"22":{"start":{"line":31,"column":2},"end":{"line":31,"column":30}},"23":{"start":{"line":32,"column":20},"end":{"line":32,"column":60}},"24":{"start":{"line":33,"column":15},"end":{"line":33,"column":54}},"25":{"start":{"line":34,"column":2},"end":{"line":38,"column":5}},"26":{"start":{"line":35,"column":4},"end":{"line":37,"column":5}},"27":{"start":{"line":36,"column":6},"end":{"line":36,"column":44}},"28":{"start":{"line":39,"column":2},"end":{"line":39,"column":41}},"29":{"start":{"line":40,"column":2},"end":{"line":40,"column":18}},"30":{"start":{"line":43,"column":15},"end":{"line":53,"column":1}},"31":{"start":{"line":44,"column":2},"end":{"line":44,"column":30}},"32":{"start":{"line":45,"column":19},"end":{"line":45,"column":55}},"33":{"start":{"line":46,"column":16},"end":{"line":46,"column":85}},"34":{"start":{"line":47,"column":2},"end":{"line":51,"column":5}},"35":{"start":{"line":52,"column":2},"end":{"line":52,"column":18}},"36":{"start":{"line":55,"column":9},"end":{"line":55,"column":10}},"37":{"start":{"line":56,"column":10},"end":{"line":56,"column":11}}},"fnMap":{"0":{"name":"(anonymous_0)","decl":{"start":{"line":5,"column":22},"end":{"line":5,"column":23}},"loc":{"start":{"line":5,"column":28},"end":{"line":5,"column":88}},"line":5},"1":{"name":"(anonymous_1)","decl":{"start":{"line":7,"column":15},"end":{"line":7,"column":16}},"loc":{"start":{"line":7,"column":22},"end":{"line":13,"column":1}},"line":7},"2":{"name":"(anonymous_2)","decl":{"start":{"line":9,"column":29},"end":{"line":9,"column":30}},"loc":{"start":{"line":9,"column":39},"end":{"line":9,"column":55}},"line":9},"3":{"name":"(anonymous_3)","decl":{"start":{"line":15,"column":16},"end":{"line":15,"column":17}},"loc":{"start":{"line":15,"column":23},"end":{"line":21,"column":1}},"line":15},"4":{"name":"(anonymous_4)","decl":{"start":{"line":23,"column":17},"end":{"line":23,"column":18}},"loc":{"start":{"line":23,"column":24},"end":{"line":28,"column":1}},"line":23},"5":{"name":"(anonymous_5)","decl":{"start":{"line":30,"column":14},"end":{"line":30,"column":15}},"loc":{"start":{"line":30,"column":21},"end":{"line":41,"column":1}},"line":30},"6":{"name":"(anonymous_6)","decl":{"start":{"line":34,"column":19},"end":{"line":34,"column":20}},"loc":{"start":{"line":34,"column":29},"end":{"line":38,"column":3}},"line":34},"7":{"name":"(anonymous_7)","decl":{"start":{"line":43,"column":15},"end":{"line":43,"column":16}},"loc":{"start":{"line":43,"column":21},"end":{"line":53,"column":1}},"line":43}},"branchMap":{"0":{"loc":{"start":{"line":35,"column":4},"end":{"line":37,"column":5}},"type":"if","locations":[{"start":{"line":35,"column":4},"end":{"line":37,"column":5}},{"start":{},"end":{}}],"line":35},"1":{"loc":{"start":{"line":46,"column":16},"end":{"line":46,"column":85}},"type":"cond-expr","locations":[{"start":{"line":46,"column":42},"end":{"line":46,"column":81}},{"start":{"line":46,"column":84},"end":{"line":46,"column":85}}],"line":46}},"s":{"0":1,"1":1,"2":5,"3":1,"4":3,"5":3,"6":9,"7":3,"8":3,"9":3,"10":1,"11":0,"12":0,"13":0,"14":0,"15":0,"16":1,"17":0,"18":0,"19":0,"20":0,"21":1,"22":0,"23":0,"24":0,"25":0,"26":0,"27":0,"28":0,"29":0,"30":1,"31":2,"32":2,"33":2,"34":2,"35":2,"36":1,"37":1},"f":{"0":5,"1":3,"2":9,"3":0,"4":0,"5":0,"6":0,"7":2},"b":{"0":[0,0],"1":[2,0]},"_coverageSchema":"1a1c01bbd47fc00a2c39e90264f33305004495a9","hash":"1d13df7f4844f57ad411b79c5df4b56e7541a926"}
}
