TN:
SF:src\modules\complete.js
FN:1,(anonymous_0)
FNF:1
FNH:0
FNDA:0,(anonymous_0)
DA:1,1
LF:1
LH:1
BRF:0
BRH:0
end_of_record
TN:
SF:src\modules\util.js
FN:5,(anonymous_0)
FN:7,(anonymous_1)
FN:9,(anonymous_2)
FN:15,(anonymous_3)
FN:23,(anonymous_4)
FN:30,(anonymous_5)
FN:34,(anonymous_6)
FN:43,(anonymous_7)
FNF:8
FNH:4
FNDA:5,(anonymous_0)
FNDA:3,(anonymous_1)
FNDA:9,(anonymous_2)
FNDA:0,(anonymous_3)
FNDA:0,(anonymous_4)
FNDA:0,(anonymous_5)
FNDA:0,(anonymous_6)
FNDA:2,(anonymous_7)
DA:4,1
DA:5,5
DA:7,1
DA:8,3
DA:9,9
DA:10,3
DA:11,3
DA:12,3
DA:15,1
DA:16,0
DA:17,0
DA:18,0
DA:19,0
DA:20,0
DA:23,1
DA:24,0
DA:25,0
DA:26,0
DA:27,0
DA:30,1
DA:31,0
DA:32,0
DA:33,0
DA:34,0
DA:35,0
DA:36,0
DA:39,0
DA:40,0
DA:43,1
DA:44,2
DA:45,2
DA:46,2
DA:47,2
DA:52,2
DA:55,1
DA:56,1
LF:36
LH:19
BRDA:35,0,0,0
BRDA:35,0,1,0
BRDA:46,1,0,2
BRDA:46,1,1,0
BRF:4
BRH:1
end_of_record
